<?xml version="1.0" encoding="UTF-8"?>
<!-- Generated by org.testng.reporters.JUnitXMLReporter -->
<testsuite ignored="0" hostname="DESKTOP-PRQQGS0" failures="12" tests="30" name="BatchTest" time="243.753" errors="0" timestamp="2025-10-15T11:17:07 IST">
  <testcase classname="Testcase.District" name="NavigatePage" time="5.805"/>
  <testcase classname="Testcase.District" name="CheckPageTitle" time="3.913">
    <failure type="java.lang.AssertionError" message="Page Title Not Display Correct expected [District-SCMS] but found [Baramati Agro Ltd. Pimpli , Baramati , Maharashtra , Pune, 413102, India District]">
      <![CDATA[java.lang.AssertionError: Page Title Not Display Correct expected [District-SCMS] but found [Baramati Agro Ltd. Pimpli , Baramati , Maharashtra , Pune, 413102, India District]
at Testcase.District.CheckPageTitle(District.java:73)
at java.base/java.util.ArrayList.forEach(ArrayList.java:1597)
... Removed 30 stack frames]]>
    </failure>
  </testcase> <!-- CheckPageTitle -->
  <testcase classname="Testcase.District" name="CheckDistrctLableName" time="4.223">
    <failure type="java.lang.AssertionError" message="Lable Name Should Not be Display Correct expected [District] but found []">
      <![CDATA[java.lang.AssertionError: Lable Name Should Not be Display Correct expected [District] but found []
at Testcase.District.CheckDistrctLableName(District.java:95)
at java.base/java.util.ArrayList.forEach(ArrayList.java:1597)
... Removed 30 stack frames]]>
    </failure>
  </testcase> <!-- CheckDistrctLableName -->
  <testcase classname="Testcase.District" name="CheckValidationMSG" time="5.045"/>
  <testcase classname="Testcase.District" name="Checkclearfunctionality" time="6.476">
    <failure type="java.lang.AssertionError" message="State Dropdown Details Not Clear expected [Select] but found [null]">
      <![CDATA[java.lang.AssertionError: State Dropdown Details Not Clear expected [Select] but found [null]
at Testcase.District.Checkclearfunctionality(District.java:149)
at java.base/java.util.ArrayList.forEach(ArrayList.java:1597)
... Removed 30 stack frames]]>
    </failure>
  </testcase> <!-- Checkclearfunctionality -->
  <testcase classname="Testcase.District" name="CheckcreatenewDistrict" time="6.873"/>
  <testcase classname="Testcase.District" name="CheckgridSearchField" time="4.423"/>
  <testcase classname="Testcase.District" name="CheckGridStatussearch" time="5.082">
    <failure type="java.lang.AssertionError" message="Status Search Field Not Working Correctly expected [Active] but found [Blocked]">
      <![CDATA[java.lang.AssertionError: Status Search Field Not Working Correctly expected [Active] but found [Blocked]
at Testcase.District.CheckGridStatussearch(District.java:257)
at java.base/java.util.ArrayList.forEach(ArrayList.java:1597)
... Removed 30 stack frames]]>
    </failure>
  </testcase> <!-- CheckGridStatussearch -->
  <testcase classname="Testcase.District" name="Checkblockfunctionality" time="3.875"/>
  <testcase classname="Testcase.District" name="CheckUnblockfunctionality" time="5.479"/>
  <testcase classname="Testcase.Bit" name="NavigateBitPage" time="2.398"/>
  <testcase classname="Testcase.Bit" name="CheckPageTitle" time="2.257">
    <failure type="java.lang.AssertionError" message="Page Title Not Display Correct expected [Bit-SCMS] but found [Baramati Agro Ltd. Pimpli , Baramati , Maharashtra , Pune, 413102, India]">
      <![CDATA[java.lang.AssertionError: Page Title Not Display Correct expected [Bit-SCMS] but found [Baramati Agro Ltd. Pimpli , Baramati , Maharashtra , Pune, 413102, India]
at Testcase.Bit.CheckPageTitle(Bit.java:80)
at java.base/java.util.ArrayList.forEach(ArrayList.java:1597)
... Removed 30 stack frames]]>
    </failure>
  </testcase> <!-- CheckPageTitle -->
  <testcase classname="Testcase.Bit" name="CheckvalidationMSG" time="3.852">
    <failure type="java.lang.AssertionError" message="Bit Name Field Validation Mesage Not Bind expected [true] but found [false]">
      <![CDATA[java.lang.AssertionError: Bit Name Field Validation Mesage Not Bind expected [true] but found [false]
at Testcase.Bit.CheckvalidationMSG(Bit.java:102)
at java.base/java.util.ArrayList.forEach(ArrayList.java:1597)
... Removed 28 stack frames]]>
    </failure>
  </testcase> <!-- CheckvalidationMSG -->
  <testcase classname="Testcase.Bit" name="Checkclearfunctionality" time="3.812"/>
  <testcase classname="Testcase.Bit" name="CheckcreatenewBitDetails" time="4.743"/>
  <testcase classname="Testcase.Bit" name="CheckBlockCBEnable" time="4.806">
    <failure type="java.lang.AssertionError" message="Create Bit Page Block Check Has Been Enable expected [false] but found [true]">
      <![CDATA[java.lang.AssertionError: Create Bit Page Block Check Has Been Enable expected [false] but found [true]
at Testcase.Bit.CheckBlockCBEnable(Bit.java:167)
at java.base/java.util.ArrayList.forEach(ArrayList.java:1597)
... Removed 28 stack frames]]>
    </failure>
  </testcase> <!-- CheckBlockCBEnable -->
  <testcase classname="Testcase.Bit" name="CheckEditFunctinality" time="3.638"/>
  <testcase classname="Testcase.Bit" name="CheckgridSearchFunctionality" time="3.312"/>
  <testcase classname="Testcase.Bit" name="checkViewDetailsOpen" time="3.114"/>
  <testcase classname="Testcase.Bit" name="Cheeckblockfunctionality" time="3.167"/>
  <testcase classname="Testcase.Bit" name="Checkunblockfunctionality" time="2.608"/>
  <testcase classname="Testcase.Taluka" name="NavigatetalukaPage" time="3.36"/>
  <testcase classname="Testcase.Taluka" name="CheckPageTitle" time="3.021">
    <failure type="java.lang.AssertionError" message="Page Title Not Display Correct expected [Taluka-SCMS] but found [Baramati Agro Ltd. Pimpli , Baramati , Maharashtra , Pune, 413102, India Taluka Report]">
      <![CDATA[java.lang.AssertionError: Page Title Not Display Correct expected [Taluka-SCMS] but found [Baramati Agro Ltd. Pimpli , Baramati , Maharashtra , Pune, 413102, India Taluka Report]
at Testcase.Taluka.CheckPageTitle(Taluka.java:81)
at java.base/java.util.ArrayList.forEach(ArrayList.java:1597)
... Removed 30 stack frames]]>
    </failure>
  </testcase> <!-- CheckPageTitle -->
  <testcase classname="Testcase.Taluka" name="CheckValidatorMSG" time="5.169"/>
  <testcase classname="Testcase.Taluka" name="CheckDistrictDrodpownExpand" time="7.082">
    <failure type="java.lang.AssertionError" message="Dropdown options are not clickable —  hidden behind Latitude field expected [true] but found [false]">
      <![CDATA[java.lang.AssertionError: Dropdown options are not clickable —  hidden behind Latitude field expected [true] but found [false]
at Testcase.Taluka.CheckDistrictDrodpownExpand(Taluka.java:135)
at java.base/java.util.ArrayList.forEach(ArrayList.java:1597)
... Removed 28 stack frames]]>
    </failure>
  </testcase> <!-- CheckDistrictDrodpownExpand -->
  <testcase classname="Testcase.Taluka" name="CheckClearFunctionality" time="4.665"/>
  <testcase classname="Testcase.Taluka" name="CheckEditFunctionality" time="4.284">
    <failure type="java.lang.AssertionError" message="Taluka Details Not Update Successfully expected [Taluka has been Updated.] but found [Conversion failed when converting date and/or time from character string.]">
      <![CDATA[java.lang.AssertionError: Taluka Details Not Update Successfully expected [Taluka has been Updated.] but found [Conversion failed when converting date and/or time from character string.]
at Testcase.Taluka.CheckEditFunctionality(Taluka.java:180)
at java.base/java.util.ArrayList.forEach(ArrayList.java:1597)
... Removed 30 stack frames]]>
    </failure>
  </testcase> <!-- CheckEditFunctionality -->
  <testcase classname="Testcase.Taluka" name="CheckTalukaBlockFunctionality" time="4.006">
    <failure type="java.lang.AssertionError" message="Taluka Details Not Blocked Successfully expected [District has been Blocked.] but found [Conversion failed when converting date and/or time from character string.]">
      <![CDATA[java.lang.AssertionError: Taluka Details Not Blocked Successfully expected [District has been Blocked.] but found [Conversion failed when converting date and/or time from character string.]
at Testcase.Taluka.CheckTalukaBlockFunctionality(Taluka.java:203)
at java.base/java.util.ArrayList.forEach(ArrayList.java:1597)
... Removed 30 stack frames]]>
    </failure>
  </testcase> <!-- CheckTalukaBlockFunctionality -->
  <testcase classname="Testcase.Taluka" name="CheckViewPageStatus" time="5.16">
    <failure type="java.lang.AssertionError" message="Into Grid Table &amp;amp; Taluka Details Popup Page Status Display Mismatch expected [Blocked] but found []">
      <![CDATA[java.lang.AssertionError: Into Grid Table & Taluka Details Popup Page Status Display Mismatch expected [Blocked] but found []
at Testcase.Taluka.CheckViewPageStatus(Taluka.java:228)
at java.base/java.util.ArrayList.forEach(ArrayList.java:1597)
... Removed 30 stack frames]]>
    </failure>
  </testcase> <!-- CheckViewPageStatus -->
  <testcase classname="Testcase.Taluka" name="CheckGridTableSearchFuenctionality" time="4.63"/>
</testsuite> <!-- BatchTest -->
